<?xml version="1.0" encoding="UTF-8"?>
<!-- Generated by org.testng.reporters.JUnitXMLReporter -->
<testsuite hostname="Anitha-900436" name="Default test(failed)" tests="1" failures="1" timestamp="23 Jan 2020 14:01:21 GMT" time="19.836" errors="0">
  <testcase name="verifyUserName" time="0.011" classname="testPages.HomePageTest">
    <failure type="java.lang.NullPointerException">
      <![CDATA[java.lang.NullPointerException
	at testPages.HomePageTest.verifyUserName(HomePageTest.java:43)
... Removed 24 stack frames]]>
    </failure>
  </testcase> <!-- verifyUserName -->
</testsuite> <!-- Default test(failed) -->
